[debug] [2022-04-10T08:13:32.573Z] ----------------------------------------------------------------------
[debug] [2022-04-10T08:13:32.576Z] Command:       C:\Program Files\nodejs\node.exe C:\Users\tuanb\AppData\Roaming\npm\node_modules\firebase-tools\lib\bin\firebase.js init
[debug] [2022-04-10T08:13:32.577Z] CLI Version:   10.6.0
[debug] [2022-04-10T08:13:32.578Z] Platform:      win32
[debug] [2022-04-10T08:13:32.578Z] Node Version:  v16.13.1
[debug] [2022-04-10T08:13:32.579Z] Time:          Sun Apr 10 2022 15:13:32 GMT+0700 (Indochina Time)
[debug] [2022-04-10T08:13:32.579Z] ----------------------------------------------------------------------
[debug] 
[debug] [2022-04-10T08:13:32.589Z] > command requires scopes: ["email","openid","https://www.googleapis.com/auth/cloudplatformprojects.readonly","https://www.googleapis.com/auth/firebase","https://www.googleapis.com/auth/cloud-platform"]
[debug] [2022-04-10T08:13:32.590Z] > authorizing via signed-in user (tuanbt209@gmail.com)
[info] 
     ######## #### ########  ######## ########     ###     ######  ########
     ##        ##  ##     ## ##       ##     ##  ##   ##  ##       ##
     ######    ##  ########  ######   ########  #########  ######  ######
     ##        ##  ##    ##  ##       ##     ## ##     ##       ## ##
     ##       #### ##     ## ######## ########  ##     ##  ######  ########

You're about to initialize a Firebase project in this directory:

  D:\hasco-group

[info] 
=== Project Setup
[info] 
[info] First, let's associate this project directory with a Firebase project.
[info] You can create multiple project aliases by running firebase use --add, 
[info] but for now we'll just set up a default project.
[info] 
[debug] [2022-04-10T08:13:52.490Z] >>> [apiv2][query] GET https://firebase.googleapis.com/v1beta1/projects pageSize=100
[debug] [2022-04-10T08:13:53.642Z] <<< [apiv2][status] GET https://firebase.googleapis.com/v1beta1/projects 200
[debug] [2022-04-10T08:13:53.642Z] <<< [apiv2][body] GET https://firebase.googleapis.com/v1beta1/projects [omitted]
[info] i  Using project hasco-demo (hasco-demo) 
[info] 
=== Hosting Setup
[info] 
[info] Your public directory is the folder (relative to your project directory) that
[info] will contain Hosting assets to be uploaded with firebase deploy. If you
[info] have a build process for your assets, use your build's output directory.
[info] 
